[debug] [2022-08-13T11:45:58.545Z] ----------------------------------------------------------------------
[debug] [2022-08-13T11:45:58.549Z] Command:       C:\Program Files\nodejs\node.exe C:\Users\minhy\AppData\Roaming\npm\node_modules\firebase-tools\lib\bin\firebase.js serve
[debug] [2022-08-13T11:45:58.550Z] CLI Version:   11.6.0
[debug] [2022-08-13T11:45:58.550Z] Platform:      win32
[debug] [2022-08-13T11:45:58.550Z] Node Version:  v16.13.1
[debug] [2022-08-13T11:45:58.556Z] Time:          Sat Aug 13 2022 20:45:58 GMT+0900 (대한민국 표준시)
[debug] [2022-08-13T11:45:58.556Z] ----------------------------------------------------------------------
[debug] 
[debug] [2022-08-13T11:45:58.562Z] >>> [apiv2][query] GET https://firebase-public.firebaseio.com/cli.json [none]
[debug] [2022-08-13T11:45:58.726Z] > command requires scopes: ["email","openid","https://www.googleapis.com/auth/cloudplatformprojects.readonly","https://www.googleapis.com/auth/firebase","https://www.googleapis.com/auth/cloud-platform"]
[debug] [2022-08-13T11:45:58.727Z] > authorizing via signed-in user (ddongpari0818@gmail.com)
[debug] [2022-08-13T11:45:58.727Z] [iam] checking project notice-c3f39 for permissions ["firebase.projects.get"]
[debug] [2022-08-13T11:45:58.728Z] > refreshing access token with scopes: []
[debug] [2022-08-13T11:45:58.730Z] >>> [apiv2][query] POST https://www.googleapis.com/oauth2/v3/token [none]
[debug] [2022-08-13T11:45:58.730Z] >>> [apiv2][body] POST https://www.googleapis.com/oauth2/v3/token [omitted]
[debug] [2022-08-13T11:45:58.974Z] <<< [apiv2][status] POST https://www.googleapis.com/oauth2/v3/token 200
[debug] [2022-08-13T11:45:58.974Z] <<< [apiv2][body] POST https://www.googleapis.com/oauth2/v3/token [omitted]
[debug] [2022-08-13T11:45:58.987Z] >>> [apiv2][query] POST https://cloudresourcemanager.googleapis.com/v1/projects/notice-c3f39:testIamPermissions [none]
[debug] [2022-08-13T11:45:58.987Z] >>> [apiv2][(partial)header] POST https://cloudresourcemanager.googleapis.com/v1/projects/notice-c3f39:testIamPermissions x-goog-quota-user=projects/notice-c3f39
[debug] [2022-08-13T11:45:58.987Z] >>> [apiv2][body] POST https://cloudresourcemanager.googleapis.com/v1/projects/notice-c3f39:testIamPermissions {"permissions":["firebase.projects.get"]}
[debug] [2022-08-13T11:45:59.146Z] <<< [apiv2][status] GET https://firebase-public.firebaseio.com/cli.json 200
[debug] [2022-08-13T11:45:59.146Z] <<< [apiv2][body] GET https://firebase-public.firebaseio.com/cli.json {"cloudBuildErrorAfter":1594252800000,"cloudBuildWarnAfter":1590019200000,"defaultNode10After":1594252800000,"minVersion":"3.0.5","node8DeploysDisabledAfter":1613390400000,"node8RuntimeDisabledAfter":1615809600000,"node8WarnAfter":1600128000000}
[debug] [2022-08-13T11:45:59.794Z] <<< [apiv2][status] POST https://cloudresourcemanager.googleapis.com/v1/projects/notice-c3f39:testIamPermissions 200
[debug] [2022-08-13T11:45:59.794Z] <<< [apiv2][body] POST https://cloudresourcemanager.googleapis.com/v1/projects/notice-c3f39:testIamPermissions {"permissions":["firebase.projects.get"]}
[debug] [2022-08-13T11:45:59.797Z] >>> [apiv2][query] GET https://firebase.googleapis.com/v1beta1/projects/notice-c3f39 [none]
[debug] [2022-08-13T11:46:00.226Z] <<< [apiv2][status] GET https://firebase.googleapis.com/v1beta1/projects/notice-c3f39 200
[debug] [2022-08-13T11:46:00.226Z] <<< [apiv2][body] GET https://firebase.googleapis.com/v1beta1/projects/notice-c3f39 {"projectId":"notice-c3f39","projectNumber":"582403722006","displayName":"Notice","name":"projects/notice-c3f39","resources":{"hostingSite":"notice-c3f39","storageBucket":"notice-c3f39.appspot.com","locationId":"asia-northeast3"},"state":"ACTIVE","etag":"1_475c5a37-0e91-4c88-86bd-a4c642197a03"}
[info] 
[info] === Serving from 'C:\Users\minhy\OneDrive\Desktop\민혁\Code\notice'...
[info] 
[debug] [2022-08-13T11:46:00.236Z] >>> [apiv2][query] GET https://firebasehosting.googleapis.com/v1beta1/projects/notice-c3f39/sites 
[debug] [2022-08-13T11:46:01.443Z] <<< [apiv2][status] GET https://firebasehosting.googleapis.com/v1beta1/projects/notice-c3f39/sites 200
[debug] [2022-08-13T11:46:01.443Z] <<< [apiv2][body] GET https://firebasehosting.googleapis.com/v1beta1/projects/notice-c3f39/sites {"sites":[{"name":"projects/notice-c3f39/sites/notice-c3f39","defaultUrl":"https://notice-c3f39.web.app","type":"DEFAULT_SITE"}]}
[debug] [2022-08-13T11:46:01.444Z] >>> [apiv2][query] GET https://firebase.googleapis.com/v1beta1/projects/notice-c3f39/webApps/-/config [none]
[debug] [2022-08-13T11:46:02.565Z] <<< [apiv2][status] GET https://firebase.googleapis.com/v1beta1/projects/notice-c3f39/webApps/-/config 200
[debug] [2022-08-13T11:46:02.565Z] <<< [apiv2][body] GET https://firebase.googleapis.com/v1beta1/projects/notice-c3f39/webApps/-/config {"projectId":"notice-c3f39","appId":"1:582403722006:web:c38409d93edea480e25e37","storageBucket":"notice-c3f39.appspot.com","locationId":"asia-northeast3","apiKey":"AIzaSyC_Ln-1T7SWWFw6HtBEOYhclxzOEo97sVY","authDomain":"notice-c3f39.firebaseapp.com","messagingSenderId":"582403722006","measurementId":"G-Q18JDT5LRV"}
[info] i  hosting: Serving hosting files from: build {"metadata":{"emulator":{"name":"hosting"},"message":"Serving hosting files from: \u001b[1mbuild\u001b[22m"}}
[info] +  hosting: Local server: http://localhost:5000 {"metadata":{"emulator":{"name":"hosting"},"message":"Local server: \u001b[4m\u001b[1mhttp://localhost:5000\u001b[22m\u001b[24m"}}
